<?xml version="1.0" encoding="UTF-8"?>
<!-- Generated by org.testng.reporters.JUnitReportReporter -->
<testsuite skipped="0" hostname="sarumathi-Latitude-E5410" name="selenium_test.Screens" tests="1" failures="0" timestamp="23 Oct 2018 06:54:31 GMT" time="16.698" errors="0">
  <testcase name="openbrowser" time="16.698" classname="selenium_test.Screens"/>
</testsuite> <!-- selenium_test.Screens -->
